0 info it worked if it ends with ok
1 verbose cli [ 'C:\\Program Files\\nodejs\\node.exe',
1 verbose cli   'C:\\Program Files\\nodejs\\node_modules\\npm\\bin\\npm-cli.js',
1 verbose cli   'install',
1 verbose cli   'bcrypt' ]
2 info using npm@3.6.0
3 info using node@v5.6.0
4 silly loadCurrentTree Starting
5 silly install loadCurrentTree
6 silly install readLocalPackageData
7 silly fetchPackageMetaData bcrypt
8 silly fetchNamedPackageData bcrypt
9 silly mapToRegistry name bcrypt
10 silly mapToRegistry using default registry
11 silly mapToRegistry registry https://registry.npmjs.org/
12 silly mapToRegistry uri https://registry.npmjs.org/bcrypt
13 verbose request uri https://registry.npmjs.org/bcrypt
14 verbose request no auth needed
15 info attempt registry request try #1 at 5:02:31 PM
16 verbose request id 59cb61a1959516a6
17 http request GET https://registry.npmjs.org/bcrypt
18 http 200 https://registry.npmjs.org/bcrypt
19 verbose headers { server: 'CouchDB/1.5.0 (Erlang OTP/R16B03)',
19 verbose headers   etag: '"60EA6D7GNB43T4OUT22NCTTUI"',
19 verbose headers   'content-type': 'application/json',
19 verbose headers   'cache-control': 'max-age=300',
19 verbose headers   'content-length': '74705',
19 verbose headers   'accept-ranges': 'bytes',
19 verbose headers   date: 'Tue, 01 Mar 2016 09:02:33 GMT',
19 verbose headers   via: '1.1 varnish',
19 verbose headers   age: '155',
19 verbose headers   connection: 'keep-alive',
19 verbose headers   'x-served-by': 'cache-sin6923-SIN',
19 verbose headers   'x-cache': 'HIT',
19 verbose headers   'x-cache-hits': '3',
19 verbose headers   'x-timer': 'S1456822953.914661,VS0,VE0',
19 verbose headers   vary: 'Accept' }
20 silly get cb [ 200,
20 silly get   { server: 'CouchDB/1.5.0 (Erlang OTP/R16B03)',
20 silly get     etag: '"60EA6D7GNB43T4OUT22NCTTUI"',
20 silly get     'content-type': 'application/json',
20 silly get     'cache-control': 'max-age=300',
20 silly get     'content-length': '74705',
20 silly get     'accept-ranges': 'bytes',
20 silly get     date: 'Tue, 01 Mar 2016 09:02:33 GMT',
20 silly get     via: '1.1 varnish',
20 silly get     age: '155',
20 silly get     connection: 'keep-alive',
20 silly get     'x-served-by': 'cache-sin6923-SIN',
20 silly get     'x-cache': 'HIT',
20 silly get     'x-cache-hits': '3',
20 silly get     'x-timer': 'S1456822953.914661,VS0,VE0',
20 silly get     vary: 'Accept' } ]
21 verbose get saving bcrypt to C:\Users\im741\AppData\Roaming\npm-cache\registry.npmjs.org\bcrypt\.cache.json
22 verbose correctMkdir C:\Users\im741\AppData\Roaming\npm-cache correctMkdir not in flight; initializing
23 verbose makeDirectory C:\Users\im741\AppData\Roaming\npm-cache creation not in flight; initializing
24 verbose makeCacheDir UID & GID are irrelevant on win32
25 silly install normalizeTree
26 silly loadCurrentTree Finishing
27 silly loadIdealTree Starting
28 silly install loadIdealTree
29 silly cloneCurrentTree Starting
30 silly install cloneCurrentTreeToIdealTree
31 silly cloneCurrentTree Finishing
32 silly loadShrinkwrap Starting
33 silly install loadShrinkwrap
34 silly loadShrinkwrap Finishing
35 silly loadAllDepsIntoIdealTree Starting
36 silly install loadAllDepsIntoIdealTree
37 silly resolveWithNewModule bcrypt@0.8.5 checking installable status
38 silly cache add args [ 'bcrypt', null ]
39 verbose cache add spec bcrypt
40 silly cache add parsed spec Result {
40 silly cache add   raw: 'bcrypt',
40 silly cache add   scope: null,
40 silly cache add   name: 'bcrypt',
40 silly cache add   rawSpec: '',
40 silly cache add   spec: 'latest',
40 silly cache add   type: 'tag' }
41 silly addNamed bcrypt@latest
42 verbose addNamed "latest" is being treated as a dist-tag for bcrypt
43 info addNameTag [ 'bcrypt', 'latest' ]
44 silly mapToRegistry name bcrypt
45 silly mapToRegistry using default registry
46 silly mapToRegistry registry https://registry.npmjs.org/
47 silly mapToRegistry uri https://registry.npmjs.org/bcrypt
48 verbose addNameTag registry:https://registry.npmjs.org/bcrypt not in flight; fetching
49 verbose get https://registry.npmjs.org/bcrypt not expired, no request
50 silly addNameTag next cb for bcrypt with tag latest
51 silly addNamed bcrypt@0.8.5
52 verbose addNamed "0.8.5" is a plain semver version for bcrypt
53 silly mapToRegistry name bcrypt
54 silly mapToRegistry using default registry
55 silly mapToRegistry registry https://registry.npmjs.org/
56 silly mapToRegistry uri https://registry.npmjs.org/bcrypt
57 verbose addRemoteTarball https://registry.npmjs.org/bcrypt/-/bcrypt-0.8.5.tgz not in flight; adding
58 verbose addRemoteTarball [ 'https://registry.npmjs.org/bcrypt/-/bcrypt-0.8.5.tgz',
58 verbose addRemoteTarball   '8e5b81b4db80e944f440005979ca8d58a961861d' ]
59 info retry fetch attempt 1 at 5:02:31 PM
60 info attempt registry request try #1 at 5:02:31 PM
61 http fetch GET https://registry.npmjs.org/bcrypt/-/bcrypt-0.8.5.tgz
62 http fetch 200 https://registry.npmjs.org/bcrypt/-/bcrypt-0.8.5.tgz
63 silly fetchAndShaCheck shasum 8e5b81b4db80e944f440005979ca8d58a961861d
64 verbose addTmpTarball C:\Users\im741\AppData\Local\Temp\npm-680-a0df94ce\registry.npmjs.org\bcrypt\-\bcrypt-0.8.5.tgz not in flight; adding
65 verbose addTmpTarball already have metadata; skipping unpack for bcrypt@0.8.5
66 verbose correctMkdir C:\Users\im741\AppData\Roaming\npm-cache correctMkdir not in flight; initializing
67 silly cache afterAdd bcrypt@0.8.5
68 verbose afterAdd C:\Users\im741\AppData\Roaming\npm-cache\bcrypt\0.8.5\package\package.json not in flight; writing
69 verbose correctMkdir C:\Users\im741\AppData\Roaming\npm-cache correctMkdir not in flight; initializing
70 verbose afterAdd C:\Users\im741\AppData\Roaming\npm-cache\bcrypt\0.8.5\package\package.json written
71 silly fetchNamedPackageData bindings
72 silly mapToRegistry name bindings
73 silly mapToRegistry using default registry
74 silly mapToRegistry registry https://registry.npmjs.org/
75 silly mapToRegistry uri https://registry.npmjs.org/bindings
76 silly fetchNamedPackageData nan
77 silly mapToRegistry name nan
78 silly mapToRegistry using default registry
79 silly mapToRegistry registry https://registry.npmjs.org/
80 silly mapToRegistry uri https://registry.npmjs.org/nan
81 verbose request uri https://registry.npmjs.org/bindings
82 verbose request no auth needed
83 info attempt registry request try #1 at 5:02:31 PM
84 http request GET https://registry.npmjs.org/bindings
85 verbose request uri https://registry.npmjs.org/nan
86 verbose request no auth needed
87 info attempt registry request try #1 at 5:02:31 PM
88 http request GET https://registry.npmjs.org/nan
89 http 200 https://registry.npmjs.org/bindings
90 verbose headers { server: 'CouchDB/1.5.0 (Erlang OTP/R16B03)',
90 verbose headers   etag: '"1LLBF9OH58DLBEL4629U6032D"',
90 verbose headers   'content-type': 'application/json',
90 verbose headers   'cache-control': 'max-age=300',
90 verbose headers   'content-length': '18066',
90 verbose headers   'accept-ranges': 'bytes',
90 verbose headers   date: 'Tue, 01 Mar 2016 09:02:34 GMT',
90 verbose headers   via: '1.1 varnish',
90 verbose headers   age: '11',
90 verbose headers   connection: 'keep-alive',
90 verbose headers   'x-served-by': 'cache-sin6922-SIN',
90 verbose headers   'x-cache': 'HIT',
90 verbose headers   'x-cache-hits': '19',
90 verbose headers   'x-timer': 'S1456822954.126226,VS0,VE0',
90 verbose headers   vary: 'Accept' }
91 silly get cb [ 200,
91 silly get   { server: 'CouchDB/1.5.0 (Erlang OTP/R16B03)',
91 silly get     etag: '"1LLBF9OH58DLBEL4629U6032D"',
91 silly get     'content-type': 'application/json',
91 silly get     'cache-control': 'max-age=300',
91 silly get     'content-length': '18066',
91 silly get     'accept-ranges': 'bytes',
91 silly get     date: 'Tue, 01 Mar 2016 09:02:34 GMT',
91 silly get     via: '1.1 varnish',
91 silly get     age: '11',
91 silly get     connection: 'keep-alive',
91 silly get     'x-served-by': 'cache-sin6922-SIN',
91 silly get     'x-cache': 'HIT',
91 silly get     'x-cache-hits': '19',
91 silly get     'x-timer': 'S1456822954.126226,VS0,VE0',
91 silly get     vary: 'Accept' } ]
92 verbose get saving bindings to C:\Users\im741\AppData\Roaming\npm-cache\registry.npmjs.org\bindings\.cache.json
93 verbose correctMkdir C:\Users\im741\AppData\Roaming\npm-cache correctMkdir not in flight; initializing
94 http 200 https://registry.npmjs.org/nan
95 verbose headers { server: 'CouchDB/1.5.0 (Erlang OTP/R16B03)',
95 verbose headers   etag: '"BAVERG4EG5W3XHF012VJBMBOB"',
95 verbose headers   'content-type': 'application/json',
95 verbose headers   'cache-control': 'max-age=300',
95 verbose headers   'content-length': '102511',
95 verbose headers   'accept-ranges': 'bytes',
95 verbose headers   date: 'Tue, 01 Mar 2016 09:02:34 GMT',
95 verbose headers   via: '1.1 varnish',
95 verbose headers   age: '285',
95 verbose headers   connection: 'keep-alive',
95 verbose headers   'x-served-by': 'cache-sin6926-SIN',
95 verbose headers   'x-cache': 'HIT',
95 verbose headers   'x-cache-hits': '12',
95 verbose headers   'x-timer': 'S1456822954.129418,VS0,VE0',
95 verbose headers   vary: 'Accept' }
96 silly get cb [ 200,
96 silly get   { server: 'CouchDB/1.5.0 (Erlang OTP/R16B03)',
96 silly get     etag: '"BAVERG4EG5W3XHF012VJBMBOB"',
96 silly get     'content-type': 'application/json',
96 silly get     'cache-control': 'max-age=300',
96 silly get     'content-length': '102511',
96 silly get     'accept-ranges': 'bytes',
96 silly get     date: 'Tue, 01 Mar 2016 09:02:34 GMT',
96 silly get     via: '1.1 varnish',
96 silly get     age: '285',
96 silly get     connection: 'keep-alive',
96 silly get     'x-served-by': 'cache-sin6926-SIN',
96 silly get     'x-cache': 'HIT',
96 silly get     'x-cache-hits': '12',
96 silly get     'x-timer': 'S1456822954.129418,VS0,VE0',
96 silly get     vary: 'Accept' } ]
97 verbose get saving nan to C:\Users\im741\AppData\Roaming\npm-cache\registry.npmjs.org\nan\.cache.json
98 verbose correctMkdir C:\Users\im741\AppData\Roaming\npm-cache correctMkdir not in flight; initializing
99 silly resolveWithNewModule bindings@1.2.1 checking installable status
100 silly cache add args [ 'bindings@1.2.1', null ]
101 verbose cache add spec bindings@1.2.1
102 silly cache add parsed spec Result {
102 silly cache add   raw: 'bindings@1.2.1',
102 silly cache add   scope: null,
102 silly cache add   name: 'bindings',
102 silly cache add   rawSpec: '1.2.1',
102 silly cache add   spec: '1.2.1',
102 silly cache add   type: 'version' }
103 silly addNamed bindings@1.2.1
104 verbose addNamed "1.2.1" is a plain semver version for bindings
105 silly mapToRegistry name bindings
106 silly mapToRegistry using default registry
107 silly mapToRegistry registry https://registry.npmjs.org/
108 silly mapToRegistry uri https://registry.npmjs.org/bindings
109 verbose addNameVersion registry:https://registry.npmjs.org/bindings not in flight; fetching
110 verbose get https://registry.npmjs.org/bindings not expired, no request
111 silly mapToRegistry name bindings
112 silly mapToRegistry using default registry
113 silly mapToRegistry registry https://registry.npmjs.org/
114 silly mapToRegistry uri https://registry.npmjs.org/bindings
115 verbose addRemoteTarball https://registry.npmjs.org/bindings/-/bindings-1.2.1.tgz not in flight; adding
116 verbose addRemoteTarball [ 'https://registry.npmjs.org/bindings/-/bindings-1.2.1.tgz',
116 verbose addRemoteTarball   '14ad6113812d2d37d72e67b4cacb4bb726505f11' ]
117 silly resolveWithNewModule nan@2.0.5 checking installable status
118 silly cache add args [ 'nan@2.0.5', null ]
119 verbose cache add spec nan@2.0.5
120 silly cache add parsed spec Result {
120 silly cache add   raw: 'nan@2.0.5',
120 silly cache add   scope: null,
120 silly cache add   name: 'nan',
120 silly cache add   rawSpec: '2.0.5',
120 silly cache add   spec: '2.0.5',
120 silly cache add   type: 'version' }
121 silly addNamed nan@2.0.5
122 verbose addNamed "2.0.5" is a plain semver version for nan
123 silly mapToRegistry name nan
124 silly mapToRegistry using default registry
125 silly mapToRegistry registry https://registry.npmjs.org/
126 silly mapToRegistry uri https://registry.npmjs.org/nan
127 verbose addNameVersion registry:https://registry.npmjs.org/nan not in flight; fetching
128 info retry fetch attempt 1 at 5:02:31 PM
129 info attempt registry request try #1 at 5:02:31 PM
130 http fetch GET https://registry.npmjs.org/bindings/-/bindings-1.2.1.tgz
131 verbose get https://registry.npmjs.org/nan not expired, no request
132 silly mapToRegistry name nan
133 silly mapToRegistry using default registry
134 silly mapToRegistry registry https://registry.npmjs.org/
135 silly mapToRegistry uri https://registry.npmjs.org/nan
136 verbose addRemoteTarball https://registry.npmjs.org/nan/-/nan-2.0.5.tgz not in flight; adding
137 verbose addRemoteTarball [ 'https://registry.npmjs.org/nan/-/nan-2.0.5.tgz',
137 verbose addRemoteTarball   '365888014be1fd178db0cbfa258edf7b0cb1c408' ]
138 info retry fetch attempt 1 at 5:02:31 PM
139 info attempt registry request try #1 at 5:02:31 PM
140 http fetch GET https://registry.npmjs.org/nan/-/nan-2.0.5.tgz
141 http fetch 200 https://registry.npmjs.org/bindings/-/bindings-1.2.1.tgz
142 silly fetchAndShaCheck shasum 14ad6113812d2d37d72e67b4cacb4bb726505f11
143 verbose addTmpTarball C:\Users\im741\AppData\Local\Temp\npm-680-a0df94ce\registry.npmjs.org\bindings\-\bindings-1.2.1.tgz not in flight; adding
144 verbose addTmpTarball already have metadata; skipping unpack for bindings@1.2.1
145 verbose correctMkdir C:\Users\im741\AppData\Roaming\npm-cache correctMkdir not in flight; initializing
146 silly cache afterAdd bindings@1.2.1
147 verbose afterAdd C:\Users\im741\AppData\Roaming\npm-cache\bindings\1.2.1\package\package.json not in flight; writing
148 verbose correctMkdir C:\Users\im741\AppData\Roaming\npm-cache correctMkdir not in flight; initializing
149 http fetch 200 https://registry.npmjs.org/nan/-/nan-2.0.5.tgz
150 verbose afterAdd C:\Users\im741\AppData\Roaming\npm-cache\bindings\1.2.1\package\package.json written
151 silly fetchAndShaCheck shasum 365888014be1fd178db0cbfa258edf7b0cb1c408
152 verbose addTmpTarball C:\Users\im741\AppData\Local\Temp\npm-680-a0df94ce\registry.npmjs.org\nan\-\nan-2.0.5.tgz not in flight; adding
153 verbose addTmpTarball already have metadata; skipping unpack for nan@2.0.5
154 verbose correctMkdir C:\Users\im741\AppData\Roaming\npm-cache correctMkdir not in flight; initializing
155 silly cache afterAdd nan@2.0.5
156 verbose afterAdd C:\Users\im741\AppData\Roaming\npm-cache\nan\2.0.5\package\package.json not in flight; writing
157 verbose correctMkdir C:\Users\im741\AppData\Roaming\npm-cache correctMkdir not in flight; initializing
158 verbose afterAdd C:\Users\im741\AppData\Roaming\npm-cache\nan\2.0.5\package\package.json written
159 silly loadAllDepsIntoIdealTree Finishing
160 silly idealTree:prePrune TD
160 silly idealTree:prePrune +-- bcrypt@0.8.5
160 silly idealTree:prePrune +-- bindings@1.2.1
160 silly idealTree:prePrune `-- nan@2.0.5
161 silly loadIdealTree Finishing
162 silly currentTree TD
163 silly idealTree TD
163 silly idealTree +-- bcrypt@0.8.5
163 silly idealTree +-- bindings@1.2.1
163 silly idealTree `-- nan@2.0.5
164 silly generateActionsToTake Starting
165 silly install generateActionsToTake
166 silly generateActionsToTake Finishing
167 silly diffTrees action count 3
168 silly diffTrees add bindings@1.2.1
169 silly diffTrees add nan@2.0.5
170 silly diffTrees add bcrypt@0.8.5
171 silly decomposeActions action count 24
172 silly decomposeActions fetch bindings@1.2.1
173 silly decomposeActions extract bindings@1.2.1
174 silly decomposeActions test bindings@1.2.1
175 silly decomposeActions preinstall bindings@1.2.1
176 silly decomposeActions build bindings@1.2.1
177 silly decomposeActions install bindings@1.2.1
178 silly decomposeActions postinstall bindings@1.2.1
179 silly decomposeActions finalize bindings@1.2.1
180 silly decomposeActions fetch nan@2.0.5
181 silly decomposeActions extract nan@2.0.5
182 silly decomposeActions test nan@2.0.5
183 silly decomposeActions preinstall nan@2.0.5
184 silly decomposeActions build nan@2.0.5
185 silly decomposeActions install nan@2.0.5
186 silly decomposeActions postinstall nan@2.0.5
187 silly decomposeActions finalize nan@2.0.5
188 silly decomposeActions fetch bcrypt@0.8.5
189 silly decomposeActions extract bcrypt@0.8.5
190 silly decomposeActions test bcrypt@0.8.5
191 silly decomposeActions preinstall bcrypt@0.8.5
192 silly decomposeActions build bcrypt@0.8.5
193 silly decomposeActions install bcrypt@0.8.5
194 silly decomposeActions postinstall bcrypt@0.8.5
195 silly decomposeActions finalize bcrypt@0.8.5
196 silly executeActions Starting
197 silly install executeActions
198 silly doSerial global-install 0
199 silly doParallel fetch 3
200 verbose correctMkdir C:\Users\im741\AppData\Roaming\npm-cache\_locks correctMkdir not in flight; initializing
201 verbose makeDirectory C:\Users\im741\AppData\Roaming\npm-cache\_locks creation not in flight; initializing
202 verbose makeCacheDir UID & GID are irrelevant on win32
203 verbose lock using C:\Users\im741\AppData\Roaming\npm-cache\_locks\staging-aeca4551d9224481.lock for C:\Users\im741\OneDrive\codes\TD\node_modules\.staging
204 silly doParallel extract 3
205 silly extract bindings@1.2.1
206 silly extract nan@2.0.5
207 silly extract bcrypt@0.8.5
208 verbose unbuild node_modules\.staging\bindings-4573abe6
209 verbose unbuild node_modules\.staging\nan-1987a93a
210 verbose unbuild node_modules\.staging\bcrypt-095f944f
211 silly gentlyRm C:\Users\im741\OneDrive\codes\TD\node_modules\.staging\bindings-4573abe6 is being purged from base C:\Users\im741\OneDrive\codes\TD
212 verbose gentlyRm don't care about contents; nuking C:\Users\im741\OneDrive\codes\TD\node_modules\.staging\bindings-4573abe6
213 silly gentlyRm C:\Users\im741\OneDrive\codes\TD\node_modules\.staging\nan-1987a93a is being purged from base C:\Users\im741\OneDrive\codes\TD
214 verbose gentlyRm don't care about contents; nuking C:\Users\im741\OneDrive\codes\TD\node_modules\.staging\nan-1987a93a
215 silly gentlyRm C:\Users\im741\OneDrive\codes\TD\node_modules\.staging\bcrypt-095f944f is being purged from base C:\Users\im741\OneDrive\codes\TD
216 verbose gentlyRm don't care about contents; nuking C:\Users\im741\OneDrive\codes\TD\node_modules\.staging\bcrypt-095f944f
217 verbose tar unpack C:\Users\im741\AppData\Roaming\npm-cache\bindings\1.2.1\package.tgz
218 verbose tar unpacking to C:\Users\im741\OneDrive\codes\TD\node_modules\.staging\bindings-4573abe6
219 silly gentlyRm C:\Users\im741\OneDrive\codes\TD\node_modules\.staging\bindings-4573abe6 is being purged
220 verbose gentlyRm don't care about contents; nuking C:\Users\im741\OneDrive\codes\TD\node_modules\.staging\bindings-4573abe6
221 verbose tar unpack C:\Users\im741\AppData\Roaming\npm-cache\nan\2.0.5\package.tgz
222 verbose tar unpacking to C:\Users\im741\OneDrive\codes\TD\node_modules\.staging\nan-1987a93a
223 silly gentlyRm C:\Users\im741\OneDrive\codes\TD\node_modules\.staging\nan-1987a93a is being purged
224 verbose gentlyRm don't care about contents; nuking C:\Users\im741\OneDrive\codes\TD\node_modules\.staging\nan-1987a93a
225 verbose tar unpack C:\Users\im741\AppData\Roaming\npm-cache\bcrypt\0.8.5\package.tgz
226 verbose tar unpacking to C:\Users\im741\OneDrive\codes\TD\node_modules\.staging\bcrypt-095f944f
227 silly gentlyRm C:\Users\im741\OneDrive\codes\TD\node_modules\.staging\bcrypt-095f944f is being purged
228 verbose gentlyRm don't care about contents; nuking C:\Users\im741\OneDrive\codes\TD\node_modules\.staging\bcrypt-095f944f
229 silly gunzTarPerm modes [ '777', '666' ]
230 silly gunzTarPerm modes [ '777', '666' ]
231 silly gunzTarPerm modes [ '777', '666' ]
232 silly gunzTarPerm extractEntry package.json
233 silly gunzTarPerm modified mode [ 'package.json', 420, 438 ]
234 silly gunzTarPerm extractEntry package.json
235 silly gunzTarPerm modified mode [ 'package.json', 436, 438 ]
236 silly gunzTarPerm extractEntry package.json
237 silly gunzTarPerm modified mode [ 'package.json', 420, 438 ]
238 silly gunzTarPerm extractEntry README.md
239 silly gunzTarPerm modified mode [ 'README.md', 420, 438 ]
240 silly gunzTarPerm extractEntry bindings.js
241 silly gunzTarPerm modified mode [ 'bindings.js', 420, 438 ]
242 silly gunzTarPerm extractEntry README.md
243 silly gunzTarPerm modified mode [ 'README.md', 436, 438 ]
244 silly gunzTarPerm extractEntry .npmignore
245 silly gunzTarPerm modified mode [ '.npmignore', 420, 438 ]
246 silly gunzTarPerm extractEntry README.md
247 silly gunzTarPerm modified mode [ 'README.md', 420, 438 ]
248 silly gunzTarPerm extractEntry include_dirs.js
249 silly gunzTarPerm modified mode [ 'include_dirs.js', 436, 438 ]
250 silly gunzTarPerm extractEntry LICENSE
251 silly gunzTarPerm modified mode [ 'LICENSE', 420, 438 ]
252 silly gunzTarPerm extractEntry bcrypt.js
253 silly gunzTarPerm modified mode [ 'bcrypt.js', 420, 438 ]
254 silly gunzTarPerm extractEntry nan_converters.h
255 silly gunzTarPerm modified mode [ 'nan_converters.h', 436, 438 ]
256 silly gunzTarPerm extractEntry LICENSE.md
257 silly gunzTarPerm modified mode [ 'LICENSE.md', 436, 438 ]
258 silly gunzTarPerm extractEntry .dntrc
259 silly gunzTarPerm modified mode [ '.dntrc', 436, 438 ]
260 silly gunzTarPerm extractEntry appveyor.yml
261 silly gunzTarPerm modified mode [ 'appveyor.yml', 436, 438 ]
262 silly gunzTarPerm extractEntry binding.gyp
263 silly gunzTarPerm modified mode [ 'binding.gyp', 420, 438 ]
264 silly gunzTarPerm extractEntry doc/new.md
265 silly gunzTarPerm modified mode [ 'doc/new.md', 436, 438 ]
266 silly gunzTarPerm extractEntry doc/.build.sh
267 silly gunzTarPerm modified mode [ 'doc/.build.sh', 509, 511 ]
268 silly gunzTarPerm extractEntry .travis.yml
269 silly gunzTarPerm modified mode [ '.travis.yml', 420, 438 ]
270 silly gunzTarPerm extractEntry CHANGELOG.md
271 silly gunzTarPerm modified mode [ 'CHANGELOG.md', 420, 438 ]
272 silly gunzTarPerm extractEntry doc/buffers.md
273 silly gunzTarPerm modified mode [ 'doc/buffers.md', 436, 438 ]
274 silly gunzTarPerm extractEntry doc/callback.md
275 silly gunzTarPerm modified mode [ 'doc/callback.md', 436, 438 ]
276 silly gunzTarPerm extractEntry doc/converters.md
277 silly gunzTarPerm modified mode [ 'doc/converters.md', 436, 438 ]
278 silly gunzTarPerm extractEntry doc/errors.md
279 silly gunzTarPerm modified mode [ 'doc/errors.md', 436, 438 ]
280 silly gunzTarPerm extractEntry examples/async_compare.js
281 silly gunzTarPerm modified mode [ 'examples/async_compare.js', 420, 438 ]
282 silly gunzTarPerm extractEntry examples/forever_gen_salt.js
283 silly gunzTarPerm modified mode [ 'examples/forever_gen_salt.js', 420, 438 ]
284 silly gunzTarPerm extractEntry doc/maybe_types.md
285 silly gunzTarPerm modified mode [ 'doc/maybe_types.md', 436, 438 ]
286 silly gunzTarPerm extractEntry doc/methods.md
287 silly gunzTarPerm modified mode [ 'doc/methods.md', 436, 438 ]
288 silly gunzTarPerm extractEntry test/async.js
289 silly gunzTarPerm modified mode [ 'test/async.js', 420, 438 ]
290 silly gunzTarPerm extractEntry test/repetitions.js
291 silly gunzTarPerm modified mode [ 'test/repetitions.js', 420, 438 ]
292 silly gentlyRm C:\Users\im741\OneDrive\codes\TD\node_modules\.staging\bindings-4573abe6\node_modules is being purged
293 verbose gentlyRm don't care about contents; nuking C:\Users\im741\OneDrive\codes\TD\node_modules\.staging\bindings-4573abe6\node_modules
294 silly gunzTarPerm extractEntry doc/asyncworker.md
295 silly gunzTarPerm modified mode [ 'doc/asyncworker.md', 436, 438 ]
296 silly gunzTarPerm extractEntry doc/node_misc.md
297 silly gunzTarPerm modified mode [ 'doc/node_misc.md', 436, 438 ]
298 silly gunzTarPerm extractEntry test/sync.js
299 silly gunzTarPerm modified mode [ 'test/sync.js', 420, 438 ]
300 silly gunzTarPerm extractEntry Makefile
301 silly gunzTarPerm modified mode [ 'Makefile', 420, 438 ]
302 silly gunzTarPerm extractEntry doc/persistent.md
303 silly gunzTarPerm modified mode [ 'doc/persistent.md', 436, 438 ]
304 silly gunzTarPerm extractEntry doc/scopes.md
305 silly gunzTarPerm modified mode [ 'doc/scopes.md', 436, 438 ]
306 silly gunzTarPerm extractEntry src/bcrypt.cc
307 silly gunzTarPerm modified mode [ 'src/bcrypt.cc', 420, 438 ]
308 silly gunzTarPerm extractEntry src/bcrypt_node.cc
309 silly gunzTarPerm modified mode [ 'src/bcrypt_node.cc', 420, 438 ]
310 silly gunzTarPerm extractEntry doc/script.md
311 silly gunzTarPerm modified mode [ 'doc/script.md', 436, 438 ]
312 silly gunzTarPerm extractEntry doc/string_bytes.md
313 silly gunzTarPerm modified mode [ 'doc/string_bytes.md', 436, 438 ]
314 silly gunzTarPerm extractEntry src/blowfish.cc
315 silly gunzTarPerm modified mode [ 'src/blowfish.cc', 420, 438 ]
316 silly gunzTarPerm extractEntry src/node_blf.h
317 silly gunzTarPerm modified mode [ 'src/node_blf.h', 420, 438 ]
318 silly gunzTarPerm extractEntry doc/v8_internals.md
319 silly gunzTarPerm modified mode [ 'doc/v8_internals.md', 436, 438 ]
320 silly gunzTarPerm extractEntry doc/v8_misc.md
321 silly gunzTarPerm modified mode [ 'doc/v8_misc.md', 436, 438 ]
322 silly gunzTarPerm extractEntry werker.yml
323 silly gunzTarPerm modified mode [ 'werker.yml', 420, 438 ]
324 silly gunzTarPerm extractEntry nan.h
325 silly gunzTarPerm modified mode [ 'nan.h', 436, 438 ]
326 silly gunzTarPerm extractEntry nan_callbacks.h
327 silly gunzTarPerm modified mode [ 'nan_callbacks.h', 436, 438 ]
328 silly gunzTarPerm extractEntry nan_callbacks_12_inl.h
329 silly gunzTarPerm modified mode [ 'nan_callbacks_12_inl.h', 436, 438 ]
330 silly gunzTarPerm extractEntry nan_callbacks_pre_12_inl.h
331 silly gunzTarPerm modified mode [ 'nan_callbacks_pre_12_inl.h', 436, 438 ]
332 silly gunzTarPerm extractEntry nan_converters_43_inl.h
333 silly gunzTarPerm modified mode [ 'nan_converters_43_inl.h', 436, 438 ]
334 silly gunzTarPerm extractEntry nan_converters_pre_43_inl.h
335 silly gunzTarPerm modified mode [ 'nan_converters_pre_43_inl.h', 436, 438 ]
336 silly gunzTarPerm extractEntry nan_implementation_12_inl.h
337 silly gunzTarPerm modified mode [ 'nan_implementation_12_inl.h', 436, 438 ]
338 silly gunzTarPerm extractEntry nan_implementation_pre_12_inl.h
339 silly gunzTarPerm modified mode [ 'nan_implementation_pre_12_inl.h', 436, 438 ]
340 silly gunzTarPerm extractEntry nan_maybe_43_inl.h
341 silly gunzTarPerm modified mode [ 'nan_maybe_43_inl.h', 436, 438 ]
342 silly gunzTarPerm extractEntry nan_maybe_pre_43_inl.h
343 silly gunzTarPerm modified mode [ 'nan_maybe_pre_43_inl.h', 436, 438 ]
344 silly gunzTarPerm extractEntry nan_new.h
345 silly gunzTarPerm modified mode [ 'nan_new.h', 436, 438 ]
346 silly gunzTarPerm extractEntry nan_object_wrap.h
347 silly gunzTarPerm modified mode [ 'nan_object_wrap.h', 436, 438 ]
348 silly gunzTarPerm extractEntry nan_persistent_12_inl.h
349 silly gunzTarPerm modified mode [ 'nan_persistent_12_inl.h', 436, 438 ]
350 silly gunzTarPerm extractEntry nan_persistent_pre_12_inl.h
351 silly gunzTarPerm modified mode [ 'nan_persistent_pre_12_inl.h', 436, 438 ]
352 silly gunzTarPerm extractEntry nan_string_bytes.h
353 silly gunzTarPerm modified mode [ 'nan_string_bytes.h', 436, 438 ]
354 silly gunzTarPerm extractEntry nan_weak.h
355 silly gunzTarPerm modified mode [ 'nan_weak.h', 436, 438 ]
356 silly gunzTarPerm extractEntry CHANGELOG.md
357 silly gunzTarPerm modified mode [ 'CHANGELOG.md', 436, 438 ]
358 silly gunzTarPerm extractEntry tools/package.json
359 silly gunzTarPerm modified mode [ 'tools/package.json', 436, 438 ]
360 silly gunzTarPerm extractEntry tools/README.md
361 silly gunzTarPerm modified mode [ 'tools/README.md', 436, 438 ]
362 silly gunzTarPerm extractEntry tools/1to2.js
363 silly gunzTarPerm modified mode [ 'tools/1to2.js', 509, 511 ]
364 silly gentlyRm C:\Users\im741\OneDrive\codes\TD\node_modules\.staging\bcrypt-095f944f\node_modules is being purged
365 verbose gentlyRm don't care about contents; nuking C:\Users\im741\OneDrive\codes\TD\node_modules\.staging\bcrypt-095f944f\node_modules
366 silly gentlyRm C:\Users\im741\OneDrive\codes\TD\node_modules\.staging\nan-1987a93a\node_modules is being purged
367 verbose gentlyRm don't care about contents; nuking C:\Users\im741\OneDrive\codes\TD\node_modules\.staging\nan-1987a93a\node_modules
368 silly doParallel preinstall 3
369 silly preinstall bindings@1.2.1 C:\Users\im741\OneDrive\codes\TD\node_modules\.staging\bindings-4573abe6
370 info lifecycle bindings@1.2.1~preinstall: bindings@1.2.1
371 silly preinstall nan@2.0.5 C:\Users\im741\OneDrive\codes\TD\node_modules\.staging\nan-1987a93a
372 info lifecycle nan@2.0.5~preinstall: nan@2.0.5
373 silly preinstall bcrypt@0.8.5 C:\Users\im741\OneDrive\codes\TD\node_modules\.staging\bcrypt-095f944f
374 info lifecycle bcrypt@0.8.5~preinstall: bcrypt@0.8.5
375 silly lifecycle bindings@1.2.1~preinstall: no script for preinstall, continuing
376 silly lifecycle nan@2.0.5~preinstall: no script for preinstall, continuing
377 silly lifecycle bcrypt@0.8.5~preinstall: no script for preinstall, continuing
378 silly doReverseSerial remove 0
379 silly doSerial move 0
380 silly doSerial finalize 3
381 silly finalize C:\Users\im741\OneDrive\codes\TD\node_modules\bindings
382 silly finalize C:\Users\im741\OneDrive\codes\TD\node_modules\nan
383 silly finalize C:\Users\im741\OneDrive\codes\TD\node_modules\bcrypt
384 silly doSerial build 3
385 silly build bindings@1.2.1
386 info linkStuff bindings@1.2.1
387 silly linkStuff bindings@1.2.1 has C:\Users\im741\OneDrive\codes\TD\node_modules as its parent node_modules
388 verbose linkBins bindings@1.2.1
389 verbose linkMans bindings@1.2.1
390 silly build nan@2.0.5
391 info linkStuff nan@2.0.5
392 silly linkStuff nan@2.0.5 has C:\Users\im741\OneDrive\codes\TD\node_modules as its parent node_modules
393 verbose linkBins nan@2.0.5
394 verbose linkMans nan@2.0.5
395 silly build bcrypt@0.8.5
396 info linkStuff bcrypt@0.8.5
397 silly linkStuff bcrypt@0.8.5 has C:\Users\im741\OneDrive\codes\TD\node_modules as its parent node_modules
398 verbose linkBins bcrypt@0.8.5
399 verbose linkMans bcrypt@0.8.5
400 silly doSerial global-link 0
401 silly doParallel update-linked 0
402 silly doSerial install 3
403 silly install bindings@1.2.1 C:\Users\im741\OneDrive\codes\TD\node_modules\.staging\bindings-4573abe6
404 info lifecycle bindings@1.2.1~install: bindings@1.2.1
405 silly lifecycle bindings@1.2.1~install: no script for install, continuing
406 silly install nan@2.0.5 C:\Users\im741\OneDrive\codes\TD\node_modules\.staging\nan-1987a93a
407 info lifecycle nan@2.0.5~install: nan@2.0.5
408 silly lifecycle nan@2.0.5~install: no script for install, continuing
409 silly install bcrypt@0.8.5 C:\Users\im741\OneDrive\codes\TD\node_modules\.staging\bcrypt-095f944f
410 info lifecycle bcrypt@0.8.5~install: bcrypt@0.8.5
411 verbose lifecycle bcrypt@0.8.5~install: unsafe-perm in lifecycle true
412 verbose lifecycle bcrypt@0.8.5~install: PATH: C:\Program Files\nodejs\node_modules\npm\bin\node-gyp-bin;C:\Users\im741\OneDrive\codes\TD\node_modules\bcrypt\node_modules\.bin;C:\Users\im741\OneDrive\codes\TD\node_modules\.bin;C:\Program Files (x86)\NVIDIA Corporation\PhysX\Common;C:\ProgramData\Oracle\Java\javapath;C:\windows\system32;C:\windows;C:\windows\System32\Wbem;C:\windows\System32\WindowsPowerShell\v1.0\;C:\Program Files\nodejs\;C:\Program Files (x86)\Skype\Phone\;C:\ProgramData\chocolatey\bin;C:\Program Files\Java\jdk1.8.0_74\bin;C:\Users\im741\AppData\Local\.meteor\;C:\Users\im741\AppData\Roaming\npm;C:\Python34
413 verbose lifecycle bcrypt@0.8.5~install: CWD: C:\Users\im741\OneDrive\codes\TD\node_modules\bcrypt
414 silly lifecycle bcrypt@0.8.5~install: Args: [ '/d /s /c', 'node-gyp rebuild' ]
415 silly lifecycle bcrypt@0.8.5~install: Returned: code: 1  signal: null
416 info lifecycle bcrypt@0.8.5~install: Failed to exec install script
417 verbose unlock done using C:\Users\im741\AppData\Roaming\npm-cache\_locks\staging-aeca4551d9224481.lock for C:\Users\im741\OneDrive\codes\TD\node_modules\.staging
418 silly rollbackFailedOptional Starting
419 silly rollbackFailedOptional Finishing
420 silly runTopLevelLifecycles Starting
421 silly runTopLevelLifecycles Finishing
422 silly install printInstalled
423 warn enoent ENOENT: no such file or directory, open 'C:\Users\im741\OneDrive\codes\TD\package.json'
424 warn TD No description
425 warn TD No repository field.
426 warn TD No README data
427 warn TD No license field.
428 verbose stack Error: bcrypt@0.8.5 install: `node-gyp rebuild`
428 verbose stack Exit status 1
428 verbose stack     at EventEmitter.<anonymous> (C:\Program Files\nodejs\node_modules\npm\lib\utils\lifecycle.js:232:16)
428 verbose stack     at emitTwo (events.js:100:13)
428 verbose stack     at EventEmitter.emit (events.js:185:7)
428 verbose stack     at ChildProcess.<anonymous> (C:\Program Files\nodejs\node_modules\npm\lib\utils\spawn.js:24:14)
428 verbose stack     at emitTwo (events.js:100:13)
428 verbose stack     at ChildProcess.emit (events.js:185:7)
428 verbose stack     at maybeClose (internal/child_process.js:827:16)
428 verbose stack     at Process.ChildProcess._handle.onexit (internal/child_process.js:211:5)
429 verbose pkgid bcrypt@0.8.5
430 verbose cwd C:\Users\im741\OneDrive\codes\TD
431 error Windows_NT 10.0.10586
432 error argv "C:\\Program Files\\nodejs\\node.exe" "C:\\Program Files\\nodejs\\node_modules\\npm\\bin\\npm-cli.js" "install" "bcrypt"
433 error node v5.6.0
434 error npm  v3.6.0
435 error code ELIFECYCLE
436 error bcrypt@0.8.5 install: `node-gyp rebuild`
436 error Exit status 1
437 error Failed at the bcrypt@0.8.5 install script 'node-gyp rebuild'.
437 error Make sure you have the latest version of node.js and npm installed.
437 error If you do, this is most likely a problem with the bcrypt package,
437 error not with npm itself.
437 error Tell the author that this fails on your system:
437 error     node-gyp rebuild
437 error You can get information on how to open an issue for this project with:
437 error     npm bugs bcrypt
437 error Or if that isn't available, you can get their info via:
437 error     npm owner ls bcrypt
437 error There is likely additional logging output above.
438 verbose exit [ 1, true ]
